{"/Users/sudiptaghosh/Project/Tackle/git/axar/axar-core/src/index.ts": {"path":"/Users/sudiptaghosh/Project/Tackle/git/axar/axar-core/src/index.ts","statementMap":{"0":{"start":{"line":1,"column":0},"end":{"line":1,"column":40}},"1":{"start":{"line":2,"column":0},"end":{"line":2,"column":38}}},"fnMap":{},"branchMap":{},"s":{"0":1,"1":1},"f":{},"b":{}}
,"/Users/sudiptaghosh/Project/Tackle/git/axar/axar-core/src/prompt-builder.ts": {"path":"/Users/sudiptaghosh/Project/Tackle/git/axar/axar-core/src/prompt-builder.ts","statementMap":{"0":{"start":{"line":9,"column":0},"end":{"line":9,"column":42}},"1":{"start":{"line":10,"column":0},"end":{"line":10,"column":40}},"2":{"start":{"line":20,"column":2},"end":{"line":20,"column":37}},"3":{"start":{"line":21,"column":2},"end":{"line":21,"column":35}},"4":{"start":{"line":31,"column":2},"end":{"line":41,"column":3}},"5":{"start":{"line":33,"column":28},"end":{"line":33,"column":67}},"6":{"start":{"line":36,"column":3},"end":{"line":36,"column":35}},"7":{"start":{"line":38,"column":3},"end":{"line":38,"column":45}},"8":{"start":{"line":40,"column":3},"end":{"line":40,"column":66}},"9":{"start":{"line":49,"column":2},"end":{"line":81,"column":3}},"10":{"start":{"line":55,"column":7},"end":{"line":55,"column":9}},"11":{"start":{"line":57,"column":3},"end":{"line":60,"column":6}},"12":{"start":{"line":62,"column":3},"end":{"line":76,"column":4}},"13":{"start":{"line":63,"column":46},"end":{"line":63,"column":48}},"14":{"start":{"line":65,"column":4},"end":{"line":70,"column":7}},"15":{"start":{"line":72,"column":4},"end":{"line":75,"column":7}},"16":{"start":{"line":78,"column":3},"end":{"line":78,"column":19}},"17":{"start":{"line":80,"column":3},"end":{"line":80,"column":66}},"18":{"start":{"line":89,"column":15},"end":{"line":89,"column":31}},"19":{"start":{"line":90,"column":2},"end":{"line":90,"column":16}},"20":{"start":{"line":15,"column":0},"end":{"line":15,"column":13}}},"fnMap":{"0":{"name":"(anonymous_7)","decl":{"start":{"line":19,"column":1},"end":{"line":19,"column":null}},"loc":{"start":{"line":19,"column":1},"end":{"line":22,"column":2}}},"1":{"name":"(anonymous_8)","decl":{"start":{"line":30,"column":7},"end":{"line":30,"column":21}},"loc":{"start":{"line":30,"column":33},"end":{"line":42,"column":null}}},"2":{"name":"(anonymous_10)","decl":{"start":{"line":44,"column":7},"end":{"line":44,"column":20}},"loc":{"start":{"line":47,"column":12},"end":{"line":82,"column":null}}},"3":{"name":"(anonymous_12)","decl":{"start":{"line":88,"column":9},"end":{"line":88,"column":20}},"loc":{"start":{"line":88,"column":45},"end":{"line":91,"column":2}}}},"branchMap":{},"s":{"0":3,"1":3,"2":4,"3":4,"4":2,"5":2,"6":1,"7":1,"8":1,"9":1,"10":1,"11":1,"12":1,"13":1,"14":1,"15":1,"16":1,"17":0,"18":1,"19":1,"20":3},"f":{"0":4,"1":2,"2":1,"3":1},"b":{}}
,"/Users/sudiptaghosh/Project/Tackle/git/axar/axar-core/src/task-executor.factory.ts": {"path":"/Users/sudiptaghosh/Project/Tackle/git/axar/axar-core/src/task-executor.factory.ts","statementMap":{"0":{"start":{"line":14,"column":0},"end":{"line":14,"column":16}},"1":{"start":{"line":2,"column":0},"end":{"line":2,"column":47}},"2":{"start":{"line":15,"column":22},"end":{"line":15,"column":46}},"3":{"start":{"line":17,"column":1},"end":{"line":29,"column":3}},"4":{"start":{"line":25,"column":20},"end":{"line":28,"column":null}},"5":{"start":{"line":26,"column":23},"end":{"line":26,"column":58}},"6":{"start":{"line":27,"column":3},"end":{"line":27,"column":70}}},"fnMap":{"0":{"name":"createTaskExecutor","decl":{"start":{"line":14,"column":16},"end":{"line":14,"column":34}},"loc":{"start":{"line":14,"column":61},"end":{"line":30,"column":1}}},"1":{"name":"(anonymous_8)","decl":{"start":{"line":25,"column":8},"end":{"line":25,"column":19}},"loc":{"start":{"line":25,"column":19},"end":{"line":28,"column":null}}},"2":{"name":"(anonymous_9)","decl":{"start":{"line":25,"column":20},"end":{"line":25,"column":31}},"loc":{"start":{"line":25,"column":62},"end":{"line":28,"column":3}}}},"branchMap":{"0":{"loc":{"start":{"line":25,"column":45},"end":{"line":25,"column":62}},"type":"default-arg","locations":[{"start":{"line":25,"column":58},"end":{"line":25,"column":62}}]}},"s":{"0":2,"1":2,"2":2,"3":2,"4":1,"5":1,"6":1},"f":{"0":2,"1":1,"2":1},"b":{"0":[1]}}
,"/Users/sudiptaghosh/Project/Tackle/git/axar/axar-core/src/task-executor.ts": {"path":"/Users/sudiptaghosh/Project/Tackle/git/axar/axar-core/src/task-executor.ts","statementMap":{"0":{"start":{"line":7,"column":0},"end":{"line":7,"column":62}},"1":{"start":{"line":8,"column":0},"end":{"line":8,"column":49}},"2":{"start":{"line":20,"column":2},"end":{"line":20,"column":43}},"3":{"start":{"line":21,"column":2},"end":{"line":21,"column":32}},"4":{"start":{"line":22,"column":2},"end":{"line":22,"column":40}},"5":{"start":{"line":23,"column":2},"end":{"line":23,"column":47}},"6":{"start":{"line":35,"column":2},"end":{"line":56,"column":null}},"7":{"start":{"line":40,"column":23},"end":{"line":40,"column":70}},"8":{"start":{"line":42,"column":22},"end":{"line":45,"column":null}},"9":{"start":{"line":48,"column":21},"end":{"line":48,"column":32}},"10":{"start":{"line":49,"column":28},"end":{"line":49,"column":46}},"11":{"start":{"line":50,"column":2},"end":{"line":55,"column":4}},"12":{"start":{"line":63,"column":21},"end":{"line":66,"column":null}},"13":{"start":{"line":68,"column":2},"end":{"line":68,"column":20}},"14":{"start":{"line":13,"column":0},"end":{"line":13,"column":13}}},"fnMap":{"0":{"name":"(anonymous_7)","decl":{"start":{"line":19,"column":1},"end":{"line":19,"column":13}},"loc":{"start":{"line":19,"column":39},"end":{"line":24,"column":2}}},"1":{"name":"(anonymous_8)","decl":{"start":{"line":34,"column":7},"end":{"line":34,"column":18}},"loc":{"start":{"line":34,"column":18},"end":{"line":56,"column":null}}},"2":{"name":"(anonymous_9)","decl":{"start":{"line":35,"column":2},"end":{"line":35,"column":13}},"loc":{"start":{"line":38,"column":29},"end":{"line":56,"column":2}}},"3":{"name":"(anonymous_10)","decl":{"start":{"line":62,"column":7},"end":{"line":62,"column":21}},"loc":{"start":{"line":62,"column":21},"end":{"line":69,"column":null}}}},"branchMap":{"0":{"loc":{"start":{"line":37,"column":2},"end":{"line":37,"column":19}},"type":"default-arg","locations":[{"start":{"line":37,"column":15},"end":{"line":37,"column":19}}]}},"s":{"0":2,"1":2,"2":1,"3":1,"4":1,"5":1,"6":1,"7":1,"8":1,"9":1,"10":1,"11":1,"12":0,"13":0,"14":2},"f":{"0":1,"1":1,"2":1,"3":0},"b":{"0":[0]}}
,"/Users/sudiptaghosh/Project/Tackle/git/axar/axar-core/src/translator.ts": {"path":"/Users/sudiptaghosh/Project/Tackle/git/axar/axar-core/src/translator.ts","statementMap":{"0":{"start":{"line":1,"column":0},"end":{"line":1,"column":32}},"1":{"start":{"line":6,"column":2},"end":{"line":11,"column":3}},"2":{"start":{"line":7,"column":20},"end":{"line":7,"column":57}},"3":{"start":{"line":8,"column":3},"end":{"line":8,"column":19}},"4":{"start":{"line":10,"column":3},"end":{"line":10,"column":75}},"5":{"start":{"line":3,"column":0},"end":{"line":3,"column":13}}},"fnMap":{"0":{"name":"(anonymous_7)","decl":{"start":{"line":5,"column":7},"end":{"line":5,"column":16}},"loc":{"start":{"line":5,"column":32},"end":{"line":12,"column":null}}}},"branchMap":{"0":{"loc":{"start":{"line":7,"column":36},"end":{"line":7,"column":56}},"type":"cond-expr","locations":[{"start":{"line":7,"column":46},"end":{"line":7,"column":48}},{"start":{"line":7,"column":36},"end":{"line":7,"column":56}}]},"1":{"loc":{"start":{"line":7,"column":36},"end":{"line":7,"column":48}},"type":"binary-expr","locations":[{"start":{"line":7,"column":36},"end":{"line":7,"column":48}},{"start":{"line":7,"column":36},"end":{"line":7,"column":48}}]}},"s":{"0":3,"1":2,"2":2,"3":1,"4":1,"5":3},"f":{"0":2},"b":{"0":[0,2],"1":[2,2]}}
,"/Users/sudiptaghosh/Project/Tackle/git/axar/axar-core/src/validator.ts": {"path":"/Users/sudiptaghosh/Project/Tackle/git/axar/axar-core/src/validator.ts","statementMap":{"0":{"start":{"line":4,"column":2},"end":{"line":4,"column":20}},"1":{"start":{"line":1,"column":0},"end":{"line":1,"column":13}}},"fnMap":{"0":{"name":"(anonymous_7)","decl":{"start":{"line":3,"column":7},"end":{"line":3,"column":15}},"loc":{"start":{"line":3,"column":31},"end":{"line":5,"column":null}}}},"branchMap":{},"s":{"0":1,"1":3},"f":{"0":1},"b":{}}
,"/Users/sudiptaghosh/Project/Tackle/git/axar/axar-core/src/llm/llm-handler.factory.ts": {"path":"/Users/sudiptaghosh/Project/Tackle/git/axar/axar-core/src/llm/llm-handler.factory.ts","statementMap":{"0":{"start":{"line":2,"column":0},"end":{"line":2,"column":60}},"1":{"start":{"line":22,"column":30},"end":{"line":22,"column":51}},"2":{"start":{"line":25,"column":4},"end":{"line":31,"column":5}},"3":{"start":{"line":27,"column":8},"end":{"line":27,"column":55}},"4":{"start":{"line":30,"column":8},"end":{"line":30,"column":60}},"5":{"start":{"line":7,"column":0},"end":{"line":7,"column":13}}},"fnMap":{"0":{"name":"(anonymous_7)","decl":{"start":{"line":16,"column":8},"end":{"line":16,"column":18}},"loc":{"start":{"line":19,"column":24},"end":{"line":32,"column":null}}}},"branchMap":{"0":{"loc":{"start":{"line":25,"column":4},"end":{"line":31,"column":5}},"type":"switch","locations":[{"start":{"line":26,"column":6},"end":{"line":27,"column":55}},{"start":{"line":29,"column":6},"end":{"line":30,"column":60}}]}},"s":{"0":2,"1":2,"2":2,"3":1,"4":1,"5":2},"f":{"0":2},"b":{"0":[1,1]}}
,"/Users/sudiptaghosh/Project/Tackle/git/axar/axar-core/src/llm/openai-query-processor.ts": {"path":"/Users/sudiptaghosh/Project/Tackle/git/axar/axar-core/src/llm/openai-query-processor.ts","statementMap":{"0":{"start":{"line":1,"column":0},"end":{"line":1,"column":62}},"1":{"start":{"line":2,"column":0},"end":{"line":2,"column":36}},"2":{"start":{"line":3,"column":0},"end":{"line":3,"column":62}},"3":{"start":{"line":10,"column":2},"end":{"line":10,"column":24}},"4":{"start":{"line":11,"column":2},"end":{"line":14,"column":5}},"5":{"start":{"line":23,"column":2},"end":{"line":38,"column":3}},"6":{"start":{"line":24,"column":18},"end":{"line":30,"column":5}},"7":{"start":{"line":32,"column":22},"end":{"line":32,"column":28}},"8":{"start":{"line":34,"column":3},"end":{"line":34,"column":17}},"9":{"start":{"line":36,"column":3},"end":{"line":36,"column":52}},"10":{"start":{"line":37,"column":3},"end":{"line":37,"column":15}},"11":{"start":{"line":5,"column":0},"end":{"line":5,"column":13}}},"fnMap":{"0":{"name":"(anonymous_7)","decl":{"start":{"line":9,"column":1},"end":{"line":9,"column":13}},"loc":{"start":{"line":9,"column":62},"end":{"line":15,"column":2}}},"1":{"name":"(anonymous_8)","decl":{"start":{"line":17,"column":7},"end":{"line":17,"column":19}},"loc":{"start":{"line":21,"column":12},"end":{"line":39,"column":null}}}},"branchMap":{"0":{"loc":{"start":{"line":9,"column":29},"end":{"line":9,"column":62}},"type":"default-arg","locations":[{"start":{"line":9,"column":47},"end":{"line":9,"column":62}}]}},"s":{"0":3,"1":3,"2":3,"3":3,"4":3,"5":1,"6":1,"7":1,"8":1,"9":0,"10":0,"11":3},"f":{"0":3,"1":1},"b":{"0":[0]}}
,"/Users/sudiptaghosh/Project/Tackle/git/axar/axar-core/src/llm/query-processor.ts": {"path":"/Users/sudiptaghosh/Project/Tackle/git/axar/axar-core/src/llm/query-processor.ts","statementMap":{"0":{"start":{"line":10,"column":0},"end":{"line":10,"column":null}},"1":{"start":{"line":11,"column":1},"end":{"line":11,"column":null}},"2":{"start":{"line":12,"column":1},"end":{"line":12,"column":null}},"3":{"start":{"line":13,"column":1},"end":{"line":13,"column":null}},"4":{"start":{"line":14,"column":1},"end":{"line":14,"column":null}},"5":{"start":{"line":17,"column":0},"end":{"line":17,"column":null}},"6":{"start":{"line":18,"column":1},"end":{"line":18,"column":null}},"7":{"start":{"line":19,"column":1},"end":{"line":19,"column":null}},"8":{"start":{"line":20,"column":1},"end":{"line":20,"column":null}},"9":{"start":{"line":21,"column":1},"end":{"line":21,"column":null}},"10":{"start":{"line":22,"column":1},"end":{"line":22,"column":null}},"11":{"start":{"line":23,"column":1},"end":{"line":23,"column":null}},"12":{"start":{"line":24,"column":1},"end":{"line":24,"column":null}},"13":{"start":{"line":25,"column":1},"end":{"line":25,"column":null}},"14":{"start":{"line":26,"column":1},"end":{"line":26,"column":null}}},"fnMap":{"0":{"name":"(anonymous_0)","decl":{"start":{"line":10,"column":0},"end":{"line":10,"column":12}},"loc":{"start":{"line":10,"column":19},"end":{"line":15,"column":1}}},"1":{"name":"(anonymous_1)","decl":{"start":{"line":17,"column":0},"end":{"line":17,"column":12}},"loc":{"start":{"line":17,"column":21},"end":{"line":27,"column":1}}}},"branchMap":{"0":{"loc":{"start":{"line":10,"column":12},"end":{"line":10,"column":null}},"type":"binary-expr","locations":[{"start":{"line":10,"column":12},"end":{"line":10,"column":19}},{"start":{"line":10,"column":19},"end":{"line":10,"column":null}}]},"1":{"loc":{"start":{"line":17,"column":12},"end":{"line":17,"column":null}},"type":"binary-expr","locations":[{"start":{"line":17,"column":12},"end":{"line":17,"column":21}},{"start":{"line":17,"column":21},"end":{"line":17,"column":null}}]}},"s":{"0":4,"1":4,"2":4,"3":4,"4":4,"5":4,"6":4,"7":4,"8":4,"9":4,"10":4,"11":4,"12":4,"13":4,"14":4},"f":{"0":4,"1":4},"b":{"0":[4,4],"1":[4,4]}}
}
