TN:
SF:src/index.ts
FNF:0
FNH:0
DA:1,0
DA:2,0
LF:2
LH:0
BRF:0
BRH:0
end_of_record
TN:
SF:src/prompt-builder.ts
FN:19,(anonymous_7)
FN:30,(anonymous_8)
FN:44,(anonymous_10)
FN:88,(anonymous_12)
FNF:4
FNH:4
FNDA:4,(anonymous_7)
FNDA:2,(anonymous_8)
FNDA:1,(anonymous_10)
FNDA:1,(anonymous_12)
DA:9,2
DA:10,2
DA:15,2
DA:20,4
DA:21,4
DA:31,2
DA:33,2
DA:36,1
DA:38,1
DA:40,1
DA:49,1
DA:55,1
DA:57,1
DA:62,1
DA:63,1
DA:65,1
DA:72,1
DA:78,1
DA:80,0
DA:89,1
DA:90,1
LF:21
LH:20
BRF:0
BRH:0
end_of_record
TN:
SF:src/task-executor.factory.ts
FN:14,createTaskExecutor
FN:25,(anonymous_8)
FN:25,(anonymous_9)
FNF:3
FNH:3
FNDA:2,createTaskExecutor
FNDA:1,(anonymous_8)
FNDA:1,(anonymous_9)
DA:2,1
DA:14,1
DA:15,2
DA:17,2
DA:25,1
DA:26,1
DA:27,1
LF:7
LH:7
BRDA:25,0,0,1
BRF:1
BRH:1
end_of_record
TN:
SF:src/task-executor.ts
FN:19,(anonymous_7)
FN:34,(anonymous_8)
FN:35,(anonymous_9)
FN:63,(anonymous_10)
FNF:4
FNH:3
FNDA:1,(anonymous_7)
FNDA:1,(anonymous_8)
FNDA:1,(anonymous_9)
FNDA:0,(anonymous_10)
DA:7,1
DA:8,1
DA:13,1
DA:20,1
DA:21,1
DA:22,1
DA:23,1
DA:35,1
DA:40,1
DA:42,1
DA:48,1
DA:49,1
DA:50,1
DA:64,0
DA:69,0
LF:15
LH:13
BRDA:37,0,0,0
BRF:1
BRH:0
end_of_record
TN:
SF:src/translator.ts
FN:5,(anonymous_7)
FNF:1
FNH:1
FNDA:2,(anonymous_7)
DA:1,2
DA:3,2
DA:6,2
DA:7,2
DA:8,1
DA:10,1
LF:6
LH:6
BRDA:7,0,0,0
BRDA:7,0,1,2
BRDA:7,1,0,2
BRDA:7,1,1,2
BRF:4
BRH:3
end_of_record
TN:
SF:src/validator.ts
FN:3,(anonymous_7)
FNF:1
FNH:1
FNDA:1,(anonymous_7)
DA:1,2
DA:4,1
LF:2
LH:2
BRF:0
BRH:0
end_of_record
TN:
SF:src/llm/llm-handler.factory.ts
FN:16,(anonymous_7)
FNF:1
FNH:0
FNDA:0,(anonymous_7)
DA:2,0
DA:7,0
DA:22,0
DA:25,0
DA:27,0
DA:30,0
LF:6
LH:0
BRDA:25,0,0,0
BRDA:25,0,1,0
BRF:2
BRH:0
end_of_record
TN:
SF:src/llm/openai-query-processor.ts
FN:9,(anonymous_7)
FN:17,(anonymous_8)
FNF:2
FNH:0
FNDA:0,(anonymous_7)
FNDA:0,(anonymous_8)
DA:1,0
DA:2,0
DA:3,0
DA:5,0
DA:10,0
DA:11,0
DA:24,0
DA:25,0
DA:33,0
DA:35,0
DA:37,0
DA:39,0
DA:41,0
DA:42,0
LF:14
LH:0
BRDA:9,0,0,0
BRF:1
BRH:0
end_of_record
TN:
SF:src/llm/query-processor.ts
FN:11,(anonymous_0)
FN:18,(anonymous_1)
FNF:2
FNH:2
FNDA:1,(anonymous_0)
FNDA:1,(anonymous_1)
DA:11,1
DA:12,1
DA:13,1
DA:14,1
DA:15,1
DA:18,1
DA:19,1
DA:20,1
DA:21,1
DA:22,1
DA:23,1
DA:24,1
DA:25,1
DA:26,1
DA:27,1
LF:15
LH:15
BRDA:11,0,0,1
BRDA:11,0,1,1
BRDA:18,1,0,1
BRDA:18,1,1,1
BRF:4
BRH:4
end_of_record
