TN:
SF:src/index.ts
FNF:0
FNH:0
DA:1,1
DA:2,1
LF:2
LH:2
BRF:0
BRH:0
end_of_record
TN:
SF:src/prompt-builder.ts
FN:19,(anonymous_7)
FN:30,(anonymous_8)
FN:44,(anonymous_10)
FN:88,(anonymous_12)
FNF:4
FNH:4
FNDA:4,(anonymous_7)
FNDA:2,(anonymous_8)
FNDA:1,(anonymous_10)
FNDA:1,(anonymous_12)
DA:9,3
DA:10,3
DA:15,3
DA:20,4
DA:21,4
DA:31,2
DA:33,2
DA:36,1
DA:38,1
DA:40,1
DA:49,1
DA:55,1
DA:57,1
DA:62,1
DA:63,1
DA:65,1
DA:72,1
DA:78,1
DA:80,0
DA:89,1
DA:90,1
LF:21
LH:20
BRF:0
BRH:0
end_of_record
TN:
SF:src/task-executor.factory.ts
FN:14,createTaskExecutor
FN:25,(anonymous_8)
FN:25,(anonymous_9)
FNF:3
FNH:3
FNDA:2,createTaskExecutor
FNDA:1,(anonymous_8)
FNDA:1,(anonymous_9)
DA:2,2
DA:14,2
DA:15,2
DA:17,2
DA:25,1
DA:26,1
DA:27,1
LF:7
LH:7
BRDA:25,0,0,1
BRF:1
BRH:1
end_of_record
TN:
SF:src/task-executor.ts
FN:19,(anonymous_7)
FN:34,(anonymous_8)
FN:35,(anonymous_9)
FN:62,(anonymous_10)
FNF:4
FNH:3
FNDA:1,(anonymous_7)
FNDA:1,(anonymous_8)
FNDA:1,(anonymous_9)
FNDA:0,(anonymous_10)
DA:7,2
DA:8,2
DA:13,2
DA:20,1
DA:21,1
DA:22,1
DA:23,1
DA:35,1
DA:40,1
DA:42,1
DA:48,1
DA:49,1
DA:50,1
DA:63,0
DA:68,0
LF:15
LH:13
BRDA:37,0,0,0
BRF:1
BRH:0
end_of_record
TN:
SF:src/translator.ts
FN:5,(anonymous_7)
FNF:1
FNH:1
FNDA:2,(anonymous_7)
DA:1,3
DA:3,3
DA:6,2
DA:7,2
DA:8,1
DA:10,1
LF:6
LH:6
BRDA:7,0,0,0
BRDA:7,0,1,2
BRDA:7,1,0,2
BRDA:7,1,1,2
BRF:4
BRH:3
end_of_record
TN:
SF:src/validator.ts
FN:3,(anonymous_7)
FNF:1
FNH:1
FNDA:1,(anonymous_7)
DA:1,3
DA:4,1
LF:2
LH:2
BRF:0
BRH:0
end_of_record
TN:
SF:src/llm/llm-handler.factory.ts
FN:16,(anonymous_7)
FNF:1
FNH:1
FNDA:2,(anonymous_7)
DA:2,2
DA:7,2
DA:22,2
DA:25,2
DA:27,1
DA:30,1
LF:6
LH:6
BRDA:25,0,0,1
BRDA:25,0,1,1
BRF:2
BRH:2
end_of_record
TN:
SF:src/llm/openai-query-processor.ts
FN:9,(anonymous_7)
FN:17,(anonymous_8)
FNF:2
FNH:2
FNDA:3,(anonymous_7)
FNDA:1,(anonymous_8)
DA:1,3
DA:2,3
DA:3,3
DA:5,3
DA:10,3
DA:11,3
DA:23,1
DA:24,1
DA:32,1
DA:34,1
DA:36,0
DA:37,0
LF:12
LH:10
BRDA:9,0,0,0
BRF:1
BRH:0
end_of_record
TN:
SF:src/llm/query-processor.ts
FN:10,(anonymous_0)
FN:17,(anonymous_1)
FNF:2
FNH:2
FNDA:4,(anonymous_0)
FNDA:4,(anonymous_1)
DA:10,4
DA:11,4
DA:12,4
DA:13,4
DA:14,4
DA:17,4
DA:18,4
DA:19,4
DA:20,4
DA:21,4
DA:22,4
DA:23,4
DA:24,4
DA:25,4
DA:26,4
LF:15
LH:15
BRDA:10,0,0,4
BRDA:10,0,1,4
BRDA:17,1,0,4
BRDA:17,1,1,4
BRF:4
BRH:4
end_of_record
